{"/Users/suosmile/www/project/vue-h5-template/.env.js": {"path":"/Users/suosmile/www/project/vue-h5-template/.env.js","statementMap":{"0":{"start":{"line":2,"column":12},"end":{"line":7,"column":1}},"1":{"start":{"line":9,"column":23},"end":{"line":19,"column":1}},"2":{"start":{"line":10,"column":2},"end":{"line":18,"column":3}},"3":{"start":{"line":11,"column":4},"end":{"line":11,"column":19}},"4":{"start":{"line":12,"column":9},"end":{"line":18,"column":3}},"5":{"start":{"line":13,"column":4},"end":{"line":13,"column":19}},"6":{"start":{"line":14,"column":9},"end":{"line":18,"column":3}},"7":{"start":{"line":15,"column":4},"end":{"line":15,"column":19}},"8":{"start":{"line":17,"column":4},"end":{"line":17,"column":18}}},"fnMap":{"0":{"name":"(anonymous_0)","decl":{"start":{"line":9,"column":23},"end":{"line":9,"column":24}},"loc":{"start":{"line":9,"column":29},"end":{"line":19,"column":1}},"line":9}},"branchMap":{"0":{"loc":{"start":{"line":10,"column":2},"end":{"line":18,"column":3}},"type":"if","locations":[{"start":{"line":10,"column":2},"end":{"line":18,"column":3}},{"start":{"line":10,"column":2},"end":{"line":18,"column":3}}],"line":10},"1":{"loc":{"start":{"line":12,"column":9},"end":{"line":18,"column":3}},"type":"if","locations":[{"start":{"line":12,"column":9},"end":{"line":18,"column":3}},{"start":{"line":12,"column":9},"end":{"line":18,"column":3}}],"line":12},"2":{"loc":{"start":{"line":14,"column":9},"end":{"line":18,"column":3}},"type":"if","locations":[{"start":{"line":14,"column":9},"end":{"line":18,"column":3}},{"start":{"line":14,"column":9},"end":{"line":18,"column":3}}],"line":14}},"s":{"0":1,"1":1,"2":1,"3":0,"4":1,"5":1,"6":0,"7":0,"8":0},"f":{"0":1},"b":{"0":[0,1],"1":[1,0],"2":[0,0]},"_coverageSchema":"43e27e138ebf9cfc5966b082cf9a028302ed4184","hash":"b988808faa7be36d576cd9debdcaa3fbc91462e3"}
,"/Users/suosmile/www/project/vue-h5-template/src/api/user.js": {"path":"/Users/suosmile/www/project/vue-h5-template/src/api/user.js","statementMap":{"0":{"start":{"line":4,"column":21},"end":{"line":4,"column":56}},"1":{"start":{"line":4,"column":31},"end":{"line":4,"column":56}},"2":{"start":{"line":7,"column":27},"end":{"line":7,"column":66}},"3":{"start":{"line":7,"column":37},"end":{"line":7,"column":66}}},"fnMap":{"0":{"name":"(anonymous_0)","decl":{"start":{"line":4,"column":21},"end":{"line":4,"column":22}},"loc":{"start":{"line":4,"column":31},"end":{"line":4,"column":56}},"line":4},"1":{"name":"(anonymous_1)","decl":{"start":{"line":7,"column":27},"end":{"line":7,"column":28}},"loc":{"start":{"line":7,"column":37},"end":{"line":7,"column":66}},"line":7}},"branchMap":{},"s":{"0":1,"1":1,"2":1,"3":0},"f":{"0":1,"1":0},"b":{},"_coverageSchema":"43e27e138ebf9cfc5966b082cf9a028302ed4184","hash":"fef11be7451345555dc3a1ab4a9bbeacb3da2b50"}
,"/Users/suosmile/www/project/vue-h5-template/src/utils/http.js": {"path":"/Users/suosmile/www/project/vue-h5-template/src/utils/http.js","statementMap":{"0":{"start":{"line":6,"column":23},"end":{"line":6,"column":85}},"1":{"start":{"line":7,"column":0},"end":{"line":7,"column":30}},"2":{"start":{"line":8,"column":0},"end":{"line":8,"column":52}},"3":{"start":{"line":11,"column":0},"end":{"line":22,"column":1}},"4":{"start":{"line":14,"column":4},"end":{"line":16,"column":5}},"5":{"start":{"line":17,"column":4},"end":{"line":17,"column":17}},"6":{"start":{"line":20,"column":4},"end":{"line":20,"column":30}},"7":{"start":{"line":25,"column":0},"end":{"line":37,"column":1}},"8":{"start":{"line":27,"column":4},"end":{"line":27,"column":19}},"9":{"start":{"line":30,"column":17},"end":{"line":30,"column":36}},"10":{"start":{"line":35,"column":4},"end":{"line":35,"column":40}},"11":{"start":{"line":47,"column":2},"end":{"line":58,"column":4}},"12":{"start":{"line":48,"column":4},"end":{"line":57,"column":8}},"13":{"start":{"line":53,"column":8},"end":{"line":53,"column":30}},"14":{"start":{"line":56,"column":8},"end":{"line":56,"column":19}},"15":{"start":{"line":72,"column":8},"end":{"line":72,"column":52}},"16":{"start":{"line":73,"column":8},"end":{"line":73,"column":36}},"17":{"start":{"line":78,"column":2},"end":{"line":87,"column":4}},"18":{"start":{"line":79,"column":4},"end":{"line":86,"column":5}},"19":{"start":{"line":81,"column":8},"end":{"line":81,"column":30}},"20":{"start":{"line":84,"column":8},"end":{"line":84,"column":19}},"21":{"start":{"line":96,"column":2},"end":{"line":114,"column":4}},"22":{"start":{"line":97,"column":4},"end":{"line":113,"column":7}},"23":{"start":{"line":101,"column":12},"end":{"line":101,"column":56}},"24":{"start":{"line":102,"column":12},"end":{"line":102,"column":40}},"25":{"start":{"line":108,"column":10},"end":{"line":108,"column":32}},"26":{"start":{"line":111,"column":10},"end":{"line":111,"column":21}},"27":{"start":{"line":118,"column":2},"end":{"line":127,"column":4}},"28":{"start":{"line":119,"column":4},"end":{"line":126,"column":5}},"29":{"start":{"line":121,"column":8},"end":{"line":121,"column":30}},"30":{"start":{"line":124,"column":8},"end":{"line":124,"column":19}},"31":{"start":{"line":132,"column":2},"end":{"line":148,"column":4}},"32":{"start":{"line":133,"column":21},"end":{"line":133,"column":35}},"33":{"start":{"line":134,"column":19},"end":{"line":138,"column":5}},"34":{"start":{"line":139,"column":4},"end":{"line":139,"column":33}},"35":{"start":{"line":140,"column":4},"end":{"line":147,"column":5}},"36":{"start":{"line":142,"column":8},"end":{"line":142,"column":30}},"37":{"start":{"line":145,"column":8},"end":{"line":145,"column":19}}},"fnMap":{"0":{"name":"(anonymous_0)","decl":{"start":{"line":12,"column":2},"end":{"line":12,"column":3}},"loc":{"start":{"line":12,"column":14},"end":{"line":18,"column":3}},"line":12},"1":{"name":"(anonymous_1)","decl":{"start":{"line":19,"column":2},"end":{"line":19,"column":3}},"loc":{"start":{"line":19,"column":11},"end":{"line":21,"column":3}},"line":19},"2":{"name":"(anonymous_2)","decl":{"start":{"line":26,"column":2},"end":{"line":26,"column":3}},"loc":{"start":{"line":26,"column":16},"end":{"line":28,"column":3}},"line":26},"3":{"name":"(anonymous_3)","decl":{"start":{"line":29,"column":2},"end":{"line":29,"column":3}},"loc":{"start":{"line":29,"column":13},"end":{"line":36,"column":3}},"line":29},"4":{"name":"fetch","decl":{"start":{"line":46,"column":16},"end":{"line":46,"column":21}},"loc":{"start":{"line":46,"column":41},"end":{"line":59,"column":1}},"line":46},"5":{"name":"(anonymous_5)","decl":{"start":{"line":47,"column":21},"end":{"line":47,"column":22}},"loc":{"start":{"line":47,"column":42},"end":{"line":58,"column":3}},"line":47},"6":{"name":"(anonymous_6)","decl":{"start":{"line":52,"column":12},"end":{"line":52,"column":13}},"loc":{"start":{"line":52,"column":26},"end":{"line":54,"column":7}},"line":52},"7":{"name":"(anonymous_7)","decl":{"start":{"line":55,"column":13},"end":{"line":55,"column":14}},"loc":{"start":{"line":55,"column":22},"end":{"line":57,"column":7}},"line":55},"8":{"name":"post","decl":{"start":{"line":66,"column":16},"end":{"line":66,"column":20}},"loc":{"start":{"line":77,"column":2},"end":{"line":88,"column":1}},"line":77},"9":{"name":"(anonymous_9)","decl":{"start":{"line":71,"column":6},"end":{"line":71,"column":7}},"loc":{"start":{"line":71,"column":32},"end":{"line":74,"column":7}},"line":71},"10":{"name":"(anonymous_10)","decl":{"start":{"line":78,"column":21},"end":{"line":78,"column":22}},"loc":{"start":{"line":78,"column":42},"end":{"line":87,"column":3}},"line":78},"11":{"name":"(anonymous_11)","decl":{"start":{"line":80,"column":6},"end":{"line":80,"column":7}},"loc":{"start":{"line":80,"column":20},"end":{"line":82,"column":7}},"line":80},"12":{"name":"(anonymous_12)","decl":{"start":{"line":83,"column":6},"end":{"line":83,"column":7}},"loc":{"start":{"line":83,"column":15},"end":{"line":85,"column":7}},"line":83},"13":{"name":"patch","decl":{"start":{"line":95,"column":16},"end":{"line":95,"column":21}},"loc":{"start":{"line":95,"column":39},"end":{"line":115,"column":1}},"line":95},"14":{"name":"(anonymous_14)","decl":{"start":{"line":96,"column":21},"end":{"line":96,"column":22}},"loc":{"start":{"line":96,"column":42},"end":{"line":114,"column":3}},"line":96},"15":{"name":"(anonymous_15)","decl":{"start":{"line":100,"column":10},"end":{"line":100,"column":11}},"loc":{"start":{"line":100,"column":36},"end":{"line":103,"column":11}},"line":100},"16":{"name":"(anonymous_16)","decl":{"start":{"line":107,"column":8},"end":{"line":107,"column":9}},"loc":{"start":{"line":107,"column":22},"end":{"line":109,"column":9}},"line":107},"17":{"name":"(anonymous_17)","decl":{"start":{"line":110,"column":8},"end":{"line":110,"column":9}},"loc":{"start":{"line":110,"column":17},"end":{"line":112,"column":9}},"line":110},"18":{"name":"del","decl":{"start":{"line":117,"column":16},"end":{"line":117,"column":19}},"loc":{"start":{"line":117,"column":32},"end":{"line":128,"column":1}},"line":117},"19":{"name":"(anonymous_19)","decl":{"start":{"line":118,"column":21},"end":{"line":118,"column":22}},"loc":{"start":{"line":118,"column":42},"end":{"line":127,"column":3}},"line":118},"20":{"name":"(anonymous_20)","decl":{"start":{"line":120,"column":6},"end":{"line":120,"column":7}},"loc":{"start":{"line":120,"column":20},"end":{"line":122,"column":7}},"line":120},"21":{"name":"(anonymous_21)","decl":{"start":{"line":123,"column":6},"end":{"line":123,"column":7}},"loc":{"start":{"line":123,"column":15},"end":{"line":125,"column":7}},"line":123},"22":{"name":"postImage","decl":{"start":{"line":131,"column":16},"end":{"line":131,"column":25}},"loc":{"start":{"line":131,"column":38},"end":{"line":149,"column":1}},"line":131},"23":{"name":"(anonymous_23)","decl":{"start":{"line":132,"column":21},"end":{"line":132,"column":22}},"loc":{"start":{"line":132,"column":42},"end":{"line":148,"column":3}},"line":132},"24":{"name":"(anonymous_24)","decl":{"start":{"line":141,"column":6},"end":{"line":141,"column":7}},"loc":{"start":{"line":141,"column":20},"end":{"line":143,"column":7}},"line":141},"25":{"name":"(anonymous_25)","decl":{"start":{"line":144,"column":6},"end":{"line":144,"column":7}},"loc":{"start":{"line":144,"column":15},"end":{"line":146,"column":7}},"line":144}},"branchMap":{"0":{"loc":{"start":{"line":8,"column":25},"end":{"line":8,"column":52}},"type":"binary-expr","locations":[{"start":{"line":8,"column":25},"end":{"line":8,"column":34}},{"start":{"line":8,"column":38},"end":{"line":8,"column":52}}],"line":8},"1":{"loc":{"start":{"line":35,"column":26},"end":{"line":35,"column":39}},"type":"binary-expr","locations":[{"start":{"line":35,"column":26},"end":{"line":35,"column":30}},{"start":{"line":35,"column":34},"end":{"line":35,"column":39}}],"line":35},"2":{"loc":{"start":{"line":46,"column":28},"end":{"line":46,"column":39}},"type":"default-arg","locations":[{"start":{"line":46,"column":37},"end":{"line":46,"column":39}}],"line":46},"3":{"loc":{"start":{"line":68,"column":2},"end":{"line":68,"column":11}},"type":"default-arg","locations":[{"start":{"line":68,"column":9},"end":{"line":68,"column":11}}],"line":68},"4":{"loc":{"start":{"line":69,"column":2},"end":{"line":76,"column":3}},"type":"default-arg","locations":[{"start":{"line":69,"column":11},"end":{"line":76,"column":3}}],"line":69},"5":{"loc":{"start":{"line":95,"column":28},"end":{"line":95,"column":37}},"type":"default-arg","locations":[{"start":{"line":95,"column":35},"end":{"line":95,"column":37}}],"line":95}},"s":{"0":1,"1":1,"2":1,"3":1,"4":1,"5":1,"6":0,"7":1,"8":1,"9":0,"10":0,"11":0,"12":0,"13":0,"14":0,"15":1,"16":1,"17":1,"18":1,"19":1,"20":0,"21":0,"22":0,"23":0,"24":0,"25":0,"26":0,"27":0,"28":0,"29":0,"30":0,"31":0,"32":0,"33":0,"34":0,"35":0,"36":0,"37":0},"f":{"0":1,"1":0,"2":1,"3":0,"4":0,"5":0,"6":0,"7":0,"8":1,"9":1,"10":1,"11":1,"12":0,"13":0,"14":0,"15":0,"16":0,"17":0,"18":0,"19":0,"20":0,"21":0,"22":0,"23":0,"24":0,"25":0},"b":{"0":[1,0],"1":[0,0],"2":[0],"3":[0],"4":[1],"5":[0]},"_coverageSchema":"43e27e138ebf9cfc5966b082cf9a028302ed4184","hash":"c60629644a53e0d83eeda42573878f3d87461239"}
,"/Users/suosmile/www/project/vue-h5-template/src/utils/math.js": {"path":"/Users/suosmile/www/project/vue-h5-template/src/utils/math.js","statementMap":{"0":{"start":{"line":1,"column":19},"end":{"line":1,"column":34}},"1":{"start":{"line":1,"column":29},"end":{"line":1,"column":34}},"2":{"start":{"line":3,"column":19},"end":{"line":3,"column":34}},"3":{"start":{"line":3,"column":29},"end":{"line":3,"column":34}}},"fnMap":{"0":{"name":"(anonymous_0)","decl":{"start":{"line":1,"column":19},"end":{"line":1,"column":20}},"loc":{"start":{"line":1,"column":29},"end":{"line":1,"column":34}},"line":1},"1":{"name":"(anonymous_1)","decl":{"start":{"line":3,"column":19},"end":{"line":3,"column":20}},"loc":{"start":{"line":3,"column":29},"end":{"line":3,"column":34}},"line":3}},"branchMap":{},"s":{"0":1,"1":1,"2":1,"3":1},"f":{"0":1,"1":1},"b":{},"_coverageSchema":"43e27e138ebf9cfc5966b082cf9a028302ed4184","hash":"19bf4bad9f36ea6dc77aa0b39b8bf085350ee5b2"}
}
