TN:
SF:/Users/suosmile/www/project/vue-h5-template/.env.js
FN:9,(anonymous_0)
FNF:1
FNH:1
FNDA:1,(anonymous_0)
DA:2,1
DA:9,1
DA:10,1
DA:11,0
DA:12,1
DA:13,1
DA:14,0
DA:15,0
DA:17,0
LF:9
LH:5
BRDA:10,0,0,0
BRDA:10,0,1,1
BRDA:12,1,0,1
BRDA:12,1,1,0
BRDA:14,2,0,0
BRDA:14,2,1,0
BRF:6
BRH:2
end_of_record
TN:
SF:/Users/suosmile/www/project/vue-h5-template/src/api/user.js
FN:4,(anonymous_0)
FN:7,(anonymous_1)
FNF:2
FNH:1
FNDA:1,(anonymous_0)
FNDA:0,(anonymous_1)
DA:4,1
DA:7,1
LF:2
LH:2
BRF:0
BRH:0
end_of_record
TN:
SF:/Users/suosmile/www/project/vue-h5-template/src/utils/http.js
FN:12,(anonymous_0)
FN:19,(anonymous_1)
FN:26,(anonymous_2)
FN:29,(anonymous_3)
FN:46,fetch
FN:47,(anonymous_5)
FN:52,(anonymous_6)
FN:55,(anonymous_7)
FN:66,post
FN:71,(anonymous_9)
FN:78,(anonymous_10)
FN:80,(anonymous_11)
FN:83,(anonymous_12)
FN:95,patch
FN:96,(anonymous_14)
FN:100,(anonymous_15)
FN:107,(anonymous_16)
FN:110,(anonymous_17)
FN:117,del
FN:118,(anonymous_19)
FN:120,(anonymous_20)
FN:123,(anonymous_21)
FN:131,postImage
FN:132,(anonymous_23)
FN:141,(anonymous_24)
FN:144,(anonymous_25)
FNF:26
FNH:6
FNDA:1,(anonymous_0)
FNDA:0,(anonymous_1)
FNDA:1,(anonymous_2)
FNDA:0,(anonymous_3)
FNDA:0,fetch
FNDA:0,(anonymous_5)
FNDA:0,(anonymous_6)
FNDA:0,(anonymous_7)
FNDA:1,post
FNDA:1,(anonymous_9)
FNDA:1,(anonymous_10)
FNDA:1,(anonymous_11)
FNDA:0,(anonymous_12)
FNDA:0,patch
FNDA:0,(anonymous_14)
FNDA:0,(anonymous_15)
FNDA:0,(anonymous_16)
FNDA:0,(anonymous_17)
FNDA:0,del
FNDA:0,(anonymous_19)
FNDA:0,(anonymous_20)
FNDA:0,(anonymous_21)
FNDA:0,postImage
FNDA:0,(anonymous_23)
FNDA:0,(anonymous_24)
FNDA:0,(anonymous_25)
DA:6,1
DA:7,1
DA:8,1
DA:11,1
DA:14,1
DA:17,1
DA:20,0
DA:25,1
DA:27,1
DA:30,0
DA:35,0
DA:47,0
DA:48,0
DA:53,0
DA:56,0
DA:72,1
DA:73,1
DA:78,1
DA:79,1
DA:81,1
DA:84,0
DA:96,0
DA:97,0
DA:101,0
DA:102,0
DA:108,0
DA:111,0
DA:118,0
DA:119,0
DA:121,0
DA:124,0
DA:132,0
DA:133,0
DA:134,0
DA:139,0
DA:140,0
DA:142,0
DA:145,0
LF:38
LH:13
BRDA:8,0,0,1
BRDA:8,0,1,0
BRDA:35,1,0,0
BRDA:35,1,1,0
BRDA:46,2,0,0
BRDA:68,3,0,0
BRDA:69,4,0,1
BRDA:95,5,0,0
BRF:8
BRH:2
end_of_record
TN:
SF:/Users/suosmile/www/project/vue-h5-template/src/utils/math.js
FN:1,(anonymous_0)
FN:3,(anonymous_1)
FNF:2
FNH:2
FNDA:1,(anonymous_0)
FNDA:1,(anonymous_1)
DA:1,1
DA:3,1
LF:2
LH:2
BRF:0
BRH:0
end_of_record
